
> holocron-frontend@1.0.0 build
> tsc && vite build

vite v7.2.6 building client environment for production...
transforming...
Error: Cannot apply unknown utility class `bg-black`. Are you using CSS modules or similar and missing `@reference`? https://tailwindcss.com/docs/functions-and-directives#reference-directive
    at onInvalidCandidate (/Users/jgrayson/Documents/holocron/frontend/node_modules/tailwindcss/dist/lib.js:21:1314)
    at Te (/Users/jgrayson/Documents/holocron/frontend/node_modules/tailwindcss/dist/lib.js:16:36364)
    at /Users/jgrayson/Documents/holocron/frontend/node_modules/tailwindcss/dist/lib.js:21:355
    at Tr (/Users/jgrayson/Documents/holocron/frontend/node_modules/tailwindcss/dist/lib.js:3:1718)
    at _ (/Users/jgrayson/Documents/holocron/frontend/node_modules/tailwindcss/dist/lib.js:3:1377)
    at Se (/Users/jgrayson/Documents/holocron/frontend/node_modules/tailwindcss/dist/lib.js:21:172)
    at ln (/Users/jgrayson/Documents/holocron/frontend/node_modules/tailwindcss/dist/lib.js:38:294)
    at async sn (/Users/jgrayson/Documents/holocron/frontend/node_modules/tailwindcss/dist/lib.js:38:631)
    at async Qr (/Users/jgrayson/Documents/holocron/frontend/node_modules/@tailwindcss/node/dist/index.js:10:3385)
    at async I (/Users/jgrayson/Documents/holocron/frontend/node_modules/@tailwindcss/postcss/dist/index.js:10:3978)
✓ 4 modules transformed.
✗ Build failed in 428ms
error during build:
[vite:css] [postcss] tailwindcss: /Users/jgrayson/Documents/holocron/frontend/index.css:1:1: Cannot apply unknown utility class `bg-black`. Are you using CSS modules or similar and missing `@reference`? https://tailwindcss.com/docs/functions-and-directives#reference-directive
file: /Users/jgrayson/Documents/holocron/frontend/index.css:1:0
    at Input.error (/Users/jgrayson/Documents/holocron/frontend/node_modules/postcss/lib/input.js:135:16)
    at Root.error (/Users/jgrayson/Documents/holocron/frontend/node_modules/postcss/lib/node.js:146:32)
    at Object.Once (/Users/jgrayson/Documents/holocron/frontend/node_modules/@tailwindcss/postcss/dist/index.js:10:6912)
    at async LazyResult.runAsync (/Users/jgrayson/Documents/holocron/frontend/node_modules/postcss/lib/lazy-result.js:293:11)
    at async runPostCSS (file:///Users/jgrayson/Documents/holocron/frontend/node_modules/vite/dist/node/chunks/config.js:30138:19)
    at async compilePostCSS (file:///Users/jgrayson/Documents/holocron/frontend/node_modules/vite/dist/node/chunks/config.js:30122:6)
    at async compileCSS (file:///Users/jgrayson/Documents/holocron/frontend/node_modules/vite/dist/node/chunks/config.js:30052:26)
    at async Object.handler (file:///Users/jgrayson/Documents/holocron/frontend/node_modules/vite/dist/node/chunks/config.js:29585:54)
    at async transform (file:///Users/jgrayson/Documents/holocron/frontend/node_modules/rollup/dist/es/shared/node-entry.js:21163:16)
    at async ModuleLoader.addModuleSource (file:///Users/jgrayson/Documents/holocron/frontend/node_modules/rollup/dist/es/shared/node-entry.js:21377:36)
